Vercel CLI 50.0.1
Retrieving project…
Deploying hatfield-legacy-trusts-projects/warehouse-builder
Uploading [--------------------] (0.0B/2.9MB)
Uploading [=====---------------] (745.5KB/2.9MB)
Uploading [==========----------] (1.4MB/2.9MB)
Uploading [===============-----] (2.2MB/2.9MB)
Uploading [====================] (2.9MB/2.9MB)
Inspect: https://vercel.com/hatfield-legacy-trusts-projects/warehouse-builder/AbC1ZGexbx8HXRruhnkJNfpgyMDd [4s]
Production: https://warehouse-builder-6ql95n0sd-hatfield-legacy-trusts-projects.vercel.app [4s]
https://warehouse-builder-6ql95n0sd-hatfield-legacy-trusts-projects.vercel.appQueued...
Queued...
Building: Running build in Washington, D.C., USA (East) – iad1
Building: Build machine configuration: 4 cores, 8 GB
Building: Retrieving list of deployment files...
Building: Downloading 571 deployment files...
Building: Restored build cache from previous deployment (C1znY3RpYzE8UWQypLLDGhffyQrY)
Building: Running "vercel build"
Building: Vercel CLI 50.1.6
Building: Running "install" command: `npm install`...
Building: added 17 packages, changed 1 package, and audited 844 packages in 2s
Building: 110 packages are looking for funding
Building: run `npm fund` for details
Building: 6 moderate severity vulnerabilities
Building: To address all issues (including breaking changes), run:
Building: npm audit fix --force
Building: Run `npm audit` for details.
Building: Detected Next.js version: 14.2.35
Building: Running "prisma generate && next build"
Building: Environment variables loaded from .env
Building: Prisma schema loaded from prisma/schema.prisma
Building: ✔ Generated Prisma Client (v5.22.0) to ./node_modules/@prisma/client in 1.22s
Building: Start by importing your Prisma Client (See: https://pris.ly/d/importing-client)
Building: Tip: Easily identify and fix slow SQL queries in your app. Optimize helps you enhance your visibility: https://pris.ly/--optimize
Building: ▲ Next.js 14.2.35
Building: - Environments: .env
Building: Creating an optimized production build ...
Building: ✓ Compiled successfully
Building: Linting and checking validity of types ...
Building: Failed to compile.
Building: ./app/api/quality/lots/[id]/route.ts:19:31
Building: Type error: Property 'lot' does not exist on type 'Storage'.
Building: 17 |     }
Building: 18 |
Building: > 19 |     const lot = await storage.lot.findUnique({
Building: |                               ^
Building: 20 |       where: {
Building: 21 |         id: params.id,
Building: 22 |         tenantId: user.tenantId,
Building: Next.js build worker exited with code: 1 and signal: null
Building: Error: Command "prisma generate && next build" exited with 1
Error: Command "prisma generate && next build" exited with 1
